<?xml version="1.0" encoding="UTF-8"?>
<testsuite name="com.omnibridge.codec.MTITest" tests="2" skipped="0" failures="0" errors="0" timestamp="2026-02-07T13:48:51.311Z" hostname="codespaces-edcef6" time="0.027">
  <properties/>
  <testcase name="shouldThrowExceptionForInvalidMTI()" classname="com.omnibridge.codec.MTITest" time="0.024"/>
  <testcase name="shouldIdentifyAuthorizationCategory()" classname="com.omnibridge.codec.MTITest" time="0.002"/>
  <system-out><![CDATA[]]></system-out>
  <system-err><![CDATA[]]></system-err>
</testsuite>
